FILE_TYPE=LIBRARY_PARTS;
PRIMITIVE 'T55D107M025C0060','T55D107M025C0060_Capacitor Moulded Polarised';
  PIN
    '+':
      PIN_NUMBER='(1)';
      NO_LOAD_CHECK=BOTH;
      NO_IO_CHECK=BOTH;
      ALLOW_CONNECT=TRUE;
      PINUSE='UNSPEC';
    '-':
      PIN_NUMBER='(2)';
      NO_LOAD_CHECK=BOTH;
      NO_IO_CHECK=BOTH;
      ALLOW_CONNECT=TRUE;
      PINUSE='UNSPEC';
  END_PIN;
  BODY
    PART_NAME='T55D107M025C0060';
    PHYS_DES_PREFIX='C';
    NO_LOAD_CHECK='TRUE';
    PIN_COUNT='2';
    BODY_NAME='T55D107M025C0060';
    JEDEC_TYPE='CAPPM7343X310N';
  END_BODY;
END_PRIMITIVE;
END.
