FILE_TYPE=LIBRARY_PARTS;
PRIMITIVE 'RT0402BRD0732K4L','RT0402BRD0732K4L_Resistor Chip';
  PIN
    '1':
      PIN_NUMBER='(1)';
      NO_LOAD_CHECK=BOTH;
      NO_IO_CHECK=BOTH;
      ALLOW_CONNECT=TRUE;
      PINUSE='UNSPEC';
    '2':
      PIN_NUMBER='(2)';
      NO_LOAD_CHECK=BOTH;
      NO_IO_CHECK=BOTH;
      ALLOW_CONNECT=TRUE;
      PINUSE='UNSPEC';
  END_PIN;
  BODY
    PART_NAME='RT0402BRD0732K4L';
    PHYS_DES_PREFIX='R';
    NO_LOAD_CHECK='TRUE';
    PIN_COUNT='2';
    BODY_NAME='RT0402BRD0732K4L';
    JEDEC_TYPE='RESC1005X35N';
  END_BODY;
END_PRIMITIVE;
END.
